e:\grtd\项目\tetris\debug\项目俄罗斯方块.pch
e:\grtd\项目\tetris\debug\vc140.pdb
e:\grtd\项目\tetris\debug\vc140.idb
e:\grtd\项目\tetris\debug\stdafx.obj
e:\grtd\项目\tetris\debug\com_control_ai.obj
e:\grtd\项目\tetris\debug\com_control_ai_1.obj
e:\grtd\项目\tetris\debug\data_processor.obj
e:\grtd\项目\tetris\debug\engine.obj
e:\grtd\项目\tetris\debug\file_operator.obj
e:\grtd\项目\tetris\debug\interface.obj
e:\grtd\项目\tetris\debug\chain_list_processor.obj
e:\grtd\项目\tetris\debug\main_loop.obj
e:\grtd\项目\tetris\debug\main_menu.obj
e:\grtd\项目\tetris\debug\messagecontainer.obj
e:\grtd\项目\tetris\debug\play_solo.obj
e:\grtd\项目\tetris\debug\play_vs_com.obj
e:\grtd\项目\tetris\debug\main.obj
e:\grtd\项目\tetris\debug\customize_blocks.obj
e:\grtd\项目\tetris\debug\项目俄罗斯方块.ilk
e:\grtd\项目\tetris\debug\项目俄罗斯方块.exe
e:\grtd\项目\tetris\debug\项目俄罗斯方块.pdb
e:\grtd\项目\tetris\debug\项目俄罗斯方块.tlog\cl.command.1.tlog
e:\grtd\项目\tetris\debug\项目俄罗斯方块.tlog\cl.read.1.tlog
e:\grtd\项目\tetris\debug\项目俄罗斯方块.tlog\cl.write.1.tlog
e:\grtd\项目\tetris\debug\项目俄罗斯方块.tlog\link.command.1.tlog
e:\grtd\项目\tetris\debug\项目俄罗斯方块.tlog\link.read.1.tlog
e:\grtd\项目\tetris\debug\项目俄罗斯方块.tlog\link.write.1.tlog
